<?xml version="1.0" encoding="UTF-8"?>
<!-- Generated by org.testng.reporters.JUnitXMLReporter -->
<testsuite ignored="0" hostname="Admins-MacBook-Pro.local" failures="1" tests="12" name="Test" time="159.546" errors="0" timestamp="2024-07-12T18:41:17 IST">
  <testcase classname="TestNGDemoPack.Login_TestNG" name="verifyLoginWithInvalidCredentialsEmail" time="20.813"/>
  <testcase classname="TestNGDemoPack.Login_TestNG" name="verifyLoginWithInvalidCredentialsPassword" time="18.246"/>
  <testcase classname="TestNGDemoPack.Login_TestNG" name="verifyLoginWithValidCredentials" time="18.83"/>
  <testcase classname="TestNGDemoPack.DataProviderDemo1$Login_TestNG" name="readfromdataprovider" time="17.265">
    <failure type="org.openqa.selenium.NoSuchElementException" message="no such element: Unable to locate element: {&amp;quot;method&amp;quot;:&amp;quot;xpath&amp;quot;,&amp;quot;selector&amp;quot;:&amp;quot;//div[contains(@class,&amp;apos;alert-dismissibl&amp;apos;)]&amp;quot;}
  (Session info: chrome=126.0.6478.127)
For documentation on this error, please visit: https://www.selenium.dev/documentation/webdriver/troubleshooting/errors#no-such-element-exception
Build info: version: &amp;apos;4.20.0&amp;apos;, revision: &amp;apos;866c76ca80&amp;apos;
System info: os.name: &amp;apos;Mac OS X&amp;apos;, os.arch: &amp;apos;x86_64&amp;apos;, os.version: &amp;apos;14.5&amp;apos;, java.version: &amp;apos;17.0.7&amp;apos;
Driver info: org.openqa.selenium.chrome.ChromeDriver
Command: [1fb139cb7ae1ec1a635dd8ab0c6c7488, findElement {value=//div[contains(@class,&amp;apos;alert-dismissibl&amp;apos;)], using=xpath}]
Capabilities {acceptInsecureCerts: false, browserName: chrome, browserVersion: 126.0.6478.127, chrome: {chromedriverVersion: 126.0.6478.126 (d36ace6122e..., userDataDir: /var/folders/fh/n7qfz_5x5ln...}, fedcm:accounts: true, goog:chromeOptions: {debuggerAddress: localhost:60113}, networkConnectionEnabled: false, pageLoadStrategy: normal, platformName: mac, proxy: Proxy(), se:cdp: ws://localhost:60113/devtoo..., se:cdpVersion: 126.0.6478.127, setWindowRect: true, strictFileInteractability: false, timeouts: {implicit: 0, pageLoad: 300000, script: 30000}, unhandledPromptBehavior: dismiss and notify, webauthn:extension:credBlob: true, webauthn:extension:largeBlob: true, webauthn:extension:minPinLength: true, webauthn:extension:prf: true, webauthn:virtualAuthenticators: true}
Session ID: 1fb139cb7ae1ec1a635dd8ab0c6c7488">
      <![CDATA[org.openqa.selenium.NoSuchElementException: no such element: Unable to locate element: {"method":"xpath","selector":"//div[contains(@class,'alert-dismissibl')]"}
  (Session info: chrome=126.0.6478.127)
For documentation on this error, please visit: https://www.selenium.dev/documentation/webdriver/troubleshooting/errors#no-such-element-exception
Build info: version: '4.20.0', revision: '866c76ca80'
System info: os.name: 'Mac OS X', os.arch: 'x86_64', os.version: '14.5', java.version: '17.0.7'
Driver info: org.openqa.selenium.chrome.ChromeDriver
Command: [1fb139cb7ae1ec1a635dd8ab0c6c7488, findElement {value=//div[contains(@class,'alert-dismissibl')], using=xpath}]
Capabilities {acceptInsecureCerts: false, browserName: chrome, browserVersion: 126.0.6478.127, chrome: {chromedriverVersion: 126.0.6478.126 (d36ace6122e..., userDataDir: /var/folders/fh/n7qfz_5x5ln...}, fedcm:accounts: true, goog:chromeOptions: {debuggerAddress: localhost:60113}, networkConnectionEnabled: false, pageLoadStrategy: normal, platformName: mac, proxy: Proxy(), se:cdp: ws://localhost:60113/devtoo..., se:cdpVersion: 126.0.6478.127, setWindowRect: true, strictFileInteractability: false, timeouts: {implicit: 0, pageLoad: 300000, script: 30000}, unhandledPromptBehavior: dismiss and notify, webauthn:extension:credBlob: true, webauthn:extension:largeBlob: true, webauthn:extension:minPinLength: true, webauthn:extension:prf: true, webauthn:virtualAuthenticators: true}
Session ID: 1fb139cb7ae1ec1a635dd8ab0c6c7488
at org.openqa.selenium.remote.ErrorCodec.decode(ErrorCodec.java:167)
at org.openqa.selenium.remote.codec.w3c.W3CHttpResponseCodec.decode(W3CHttpResponseCodec.java:138)
at org.openqa.selenium.remote.codec.w3c.W3CHttpResponseCodec.decode(W3CHttpResponseCodec.java:50)
at org.openqa.selenium.remote.HttpCommandExecutor.execute(HttpCommandExecutor.java:190)
at org.openqa.selenium.remote.service.DriverCommandExecutor.invokeExecute(DriverCommandExecutor.java:216)
at org.openqa.selenium.remote.service.DriverCommandExecutor.execute(DriverCommandExecutor.java:174)
at org.openqa.selenium.remote.RemoteWebDriver.execute(RemoteWebDriver.java:518)
at org.openqa.selenium.remote.ElementLocation$ElementFinder$2.findElement(ElementLocation.java:165)
at org.openqa.selenium.remote.ElementLocation.findElement(ElementLocation.java:59)
at org.openqa.selenium.remote.RemoteWebDriver.findElement(RemoteWebDriver.java:355)
at org.openqa.selenium.remote.RemoteWebDriver.findElement(RemoteWebDriver.java:349)
at TestNGDemoPack.DataProviderDemo1$Login_TestNG.readfromdataprovider(DataProviderDemo1.java:82)
at java.base/java.util.ArrayList.forEach(ArrayList.java:1511)
... Removed 32 stack frames]]>
    </failure>
  </testcase> <!-- readfromdataprovider -->
  <testcase classname="TestNGDemoPack.DataProviderDemo1$Login_TestNG" name="readfromdataprovider" time="21.315"/>
  <testcase classname="TestNGDemoPack.DataProviderDemo1$Login_TestNG" name="readfromdataprovider" time="20.543"/>
  <testcase classname="TestNGDemoPack.DataProviderDemo1$Login_TestNG" name="readinvalidparameter" time="20.201"/>
  <testcase classname="TestNGDemoPack.DataProviderDemo1$Login_TestNG" name="readvalidparameter" time="21.989"/>
  <testcase classname="TestNGDemoPack.XML_Method3" name="methodF" time="0.003"/>
  <testcase classname="TestNGDemoPack.XML_Method3" name="methodG" time="0.003"/>
  <testcase classname="TestNGDemoPack.XML_Method3" name="methodH" time="0.01"/>
  <testcase classname="TestNGDemoPack.XML_Method3" name="methodI" time="0.001"/>
</testsuite> <!-- Test -->
